<?xml version="1.0" encoding="UTF-8"?>
<!-- Generated by org.testng.reporters.JUnitReportReporter -->
<testsuite hostname="likith" failures="0" tests="3" name="data.Contact" time="0.016" errors="0" timestamp="2024-06-27T10:41:44 IST" skipped="0">
  <testcase classname="data.Contact" name="createcontacttest" time="0.013"/>
  <testcase classname="data.Contact" name="createcontacttest" time="0.002"/>
  <testcase classname="data.Contact" name="createcontacttest" time="0.001"/>
</testsuite> <!-- data.Contact -->
