<?xml version="1.0" encoding="UTF-8"?>
<!-- Generated by org.testng.reporters.JUnitReportReporter -->
<testsuite hostname="likith" failures="0" tests="6" name="test.OrderTest" time="0.006" errors="0" timestamp="2024-06-13T11:21:12 IST" skipped="1">
  <testcase classname="test.OrderTest" name="createordertest" time="0.001"/>
  <testcase classname="test.OrderTest" name="createordertest" time="0.001"/>
  <testcase classname="test.OrderTest" name="createordertest" time="0.002"/>
  <testcase classname="test.OrderTest" name="createordertest" time="0.001"/>
  <testcase classname="test.OrderTest" name="createordertest" time="0.001"/>
  <testcase classname="test.OrderTest" name="billinganordertest">
    <skipped/>
  </testcase> <!-- billinganordertest -->
</testsuite> <!-- test.OrderTest -->
