<?xml version="1.0" encoding="UTF-8"?>
<!-- Generated by org.testng.reporters.JUnitReportReporter -->
<testsuite hostname="likith" failures="0" tests="3" name="annotations.Testing" time="0.023" errors="0" timestamp="2024-06-14T11:41:45 IST" skipped="0">
  <testcase classname="annotations.Testing" name="method2" time="0.009"/>
  <testcase classname="annotations.Testing" name="method" time="0.007"/>
  <testcase classname="annotations.Testing" name="method" time="0.007"/>
</testsuite> <!-- annotations.Testing -->
