<?xml version="1.0" encoding="UTF-8"?>
<!-- Generated by org.testng.reporters.JUnitReportReporter -->
<testsuite hostname="likith" failures="0" tests="2" name="test.Contact" time="0.005" errors="0" timestamp="2024-06-13T11:21:12 IST" skipped="0">
  <testcase classname="test.Contact" name="CreateContact" time="0.002"/>
  <testcase classname="test.Contact" name="CreateOrga" time="0.003"/>
</testsuite> <!-- test.Contact -->
