<?xml version="1.0" encoding="UTF-8"?>
<!-- Generated by org.testng.reporters.JUnitReportReporter -->
<testsuite hostname="likith" failures="0" tests="2" name="data.Sample" time="0.014" errors="0" timestamp="2024-06-19T18:00:32 IST" skipped="0">
  <testcase classname="data.Sample" name="Sample" time="0.012"/>
  <testcase classname="data.Sample" name="Sample" time="0.002"/>
</testsuite> <!-- data.Sample -->
