<?xml version="1.0" encoding="UTF-8"?>
<!-- Generated by org.testng.reporters.JUnitReportReporter -->
<testsuite hostname="likith" failures="0" tests="2" name="practice.HomepageVerfy" time="17.331" errors="0" timestamp="2024-06-18T12:37:47 IST" skipped="0">
  <testcase classname="practice.HomepageVerfy" name="homepageTest" time="6.989">
    <system-out>
      <![CDATA[homepageTest Test Start
Step1
homepageTestTest end]]>
    </system-out>
  </testcase> <!-- homepageTest -->
  <testcase classname="practice.HomepageVerfy" name="Logohomepagetest" time="10.342">
    <system-out>
      <![CDATA[Logohomepagetest Test Start
Step1
LogohomepagetestTest end]]>
    </system-out>
  </testcase> <!-- Logohomepagetest -->
  <system-out>
    <![CDATA[Logohomepagetest Test Start
Step1
LogohomepagetestTest end
homepageTest Test Start
Step1
homepageTestTest end]]>
  </system-out>
</testsuite> <!-- practice.HomepageVerfy -->
