<?xml version="1.0" encoding="UTF-8"?>
<!-- Generated by org.testng.reporters.JUnitReportReporter -->
<testsuite hostname="likith" failures="0" tests="2" name="com.examples.CreateContactTest" time="0.009" errors="0" timestamp="2024-06-14T10:41:33 IST" skipped="0">
  <testcase classname="com.examples.CreateContactTest" name="createContactWithDate" time="0.003"/>
  <testcase classname="com.examples.CreateContactTest" name="createContact" time="0.006"/>
</testsuite> <!-- com.examples.CreateContactTest -->
