<?xml version="1.0" encoding="UTF-8"?>
<!-- Generated by org.testng.reporters.JUnitReportReporter -->
<testsuite hostname="likith" failures="0" tests="1" name="advancedreport.SampleReport" time="0.020" errors="0" timestamp="2024-06-21T14:44:28 IST" skipped="0">
  <testcase classname="advancedreport.SampleReport" name="createTest" time="0.020"/>
</testsuite> <!-- advancedreport.SampleReport -->
