<?xml version="1.0" encoding="UTF-8"?>
<!-- Generated by org.testng.reporters.JUnitReportReporter -->
<testsuite hostname="likith" failures="0" tests="1" name="test.Organization" time="25.346" errors="0" timestamp="2024-06-17T16:13:05 IST" skipped="0">
  <testcase classname="test.Organization" name="createOrgtest" time="25.346"/>
</testsuite> <!-- test.Organization -->
