<?xml version="1.0" encoding="UTF-8"?>
<!-- Generated by org.testng.reporters.JUnitReportReporter -->
<testsuite hostname="likith" failures="0" tests="1" name="test.SampleTest" time="0.014" errors="0" timestamp="2024-06-08T15:39:50 IST" skipped="0">
  <testcase classname="test.SampleTest" name="CreateContact" time="0.014"/>
</testsuite> <!-- test.SampleTest -->
