<?xml version="1.0" encoding="UTF-8"?>
<!-- Generated by org.testng.reporters.JUnitReportReporter -->
<testsuite hostname="likith" failures="0" tests="1" name="advancedreport.ExtentScreen" time="4.209" errors="0" timestamp="2024-06-21T16:51:47 IST" skipped="0">
  <testcase classname="advancedreport.ExtentScreen" name="createContactTest" time="4.209"/>
</testsuite> <!-- advancedreport.ExtentScreen -->
