<?xml version="1.0" encoding="UTF-8"?>
<!-- Generated by org.testng.reporters.JUnitReportReporter -->
<testsuite hostname="likith" failures="0" tests="3" name="debuging.CreateOrganization" time="79.497" errors="0" timestamp="2024-06-22T17:18:45 IST" skipped="0">
  <testcase classname="debuging.CreateOrganization" name="createOrgtest" time="25.131"/>
  <testcase classname="debuging.CreateOrganization" name="CreateOrgWithphoneno" time="27.524"/>
  <testcase classname="debuging.CreateOrganization" name="createcontactwithindustry" time="26.842"/>
</testsuite> <!-- debuging.CreateOrganization -->
