<?xml version="1.0" encoding="UTF-8"?>
<!-- Generated by org.testng.reporters.JUnitReportReporter -->
<testsuite hostname="likith" failures="0" tests="3" name="data.Contact" time="0.015" errors="0" timestamp="2024-06-19T16:35:43 IST" skipped="0">
  <testcase classname="data.Contact" name="createcontacttest" time="0.001"/>
  <testcase classname="data.Contact" name="createcontacttest" time="0.002"/>
  <testcase classname="data.Contact" name="createcontacttest" time="0.012"/>
</testsuite> <!-- data.Contact -->
