<?xml version="1.0" encoding="UTF-8"?>
<!-- Generated by org.testng.reporters.JUnitReportReporter -->
<testsuite hostname="likith" failures="0" tests="2" name="practice.Sample" time="0.016" errors="0" timestamp="2024-06-15T12:16:00 IST" skipped="0">
  <testcase classname="practice.Sample" name="verifyhometest" time="0.002"/>
  <testcase classname="practice.Sample" name="homepageTest" time="0.014"/>
</testsuite> <!-- practice.Sample -->
