<?xml version="1.0" encoding="UTF-8"?>
<!-- Generated by org.testng.reporters.JUnitReportReporter -->
<testsuite hostname="likith" failures="0" tests="6" name="annotations.Createcontact" time="277.064" errors="0" timestamp="2024-06-14T12:58:44 IST" skipped="0">
  <testcase classname="annotations.Createcontact" name="createcontactwithorgtest" time="53.530"/>
  <testcase classname="annotations.Createcontact" name="createContactWithsupportDateTest" time="31.651"/>
  <testcase classname="annotations.Createcontact" name="createcontacttest" time="49.617"/>
  <testcase classname="annotations.Createcontact" name="createContactWithsupportDateTest" time="34.487"/>
  <testcase classname="annotations.Createcontact" name="createcontactwithorgtest" time="57.367"/>
  <testcase classname="annotations.Createcontact" name="createcontacttest" time="50.412"/>
</testsuite> <!-- annotations.Createcontact -->
