<?xml version="1.0" encoding="UTF-8"?>
<!-- Generated by org.testng.reporters.JUnitReportReporter -->
<testsuite hostname="likith" failures="0" tests="3" name="test.ContactTest" time="0.007" errors="0" timestamp="2024-06-13T11:21:12 IST" skipped="0">
  <testcase classname="test.ContactTest" name="CreateContact" time="0.003"/>
  <testcase classname="test.ContactTest" name="modifyContactTest" time="0.002"/>
  <testcase classname="test.ContactTest" name="deleteContactTest" time="0.002"/>
</testsuite> <!-- test.ContactTest -->
