<?xml version="1.0" encoding="UTF-8"?>
<!-- Generated by org.testng.reporters.JUnitReportReporter -->
<testsuite hostname="likith" failures="0" tests="1" name="advancedreport.Screenshotextent" time="5.142" errors="0" timestamp="2024-06-21T16:48:42 IST" skipped="0">
  <testcase classname="advancedreport.Screenshotextent" name="createContactTest" time="5.142"/>
</testsuite> <!-- advancedreport.Screenshotextent -->
