<?xml version="1.0" encoding="UTF-8"?>
<!-- Generated by org.testng.reporters.JUnitReportReporter -->
<testsuite hostname="likith" failures="0" tests="3" name="test.ContactTest_1" time="0.003" errors="0" timestamp="2024-06-13T11:21:12 IST" skipped="0">
  <testcase classname="test.ContactTest_1" name="deleteContactTest" time="0.001"/>
  <testcase classname="test.ContactTest_1" name="CreateContactTest" time="0.001"/>
  <testcase classname="test.ContactTest_1" name="modifycontact" time="0.001"/>
</testsuite> <!-- test.ContactTest_1 -->
