<?xml version="1.0" encoding="UTF-8"?>
<!-- Generated by org.testng.reporters.JUnitReportReporter -->
<testsuite hostname="likith" failures="0" tests="1" name="practice.APP" time="4.791" errors="0" timestamp="2024-06-18T13:14:25 IST" skipped="0">
  <testcase classname="practice.APP" name="amazontest" time="4.791"/>
</testsuite> <!-- practice.APP -->
