<?xml version="1.0" encoding="UTF-8"?>
<!-- Generated by org.testng.reporters.JUnitReportReporter -->
<testsuite hostname="likith" failures="0" tests="4" name="test.Sample" time="0.009" errors="0" timestamp="2024-06-13T11:21:12 IST" skipped="0">
  <testcase classname="test.Sample" name="Create" time="0.005"/>
  <testcase classname="test.Sample" name="Modify" time="0.001"/>
  <testcase classname="test.Sample" name="Reuse" time="0.002"/>
  <testcase classname="test.Sample" name="delete" time="0.001"/>
</testsuite> <!-- test.Sample -->
