<?xml version="1.0" encoding="UTF-8"?>
<!-- Generated by org.testng.reporters.JUnitReportReporter -->
<testsuite hostname="likith" failures="0" tests="1" name="advancedreport.SampleReportTest" time="0.520" errors="0" timestamp="2024-06-21T13:11:40 IST" skipped="0">
  <testcase classname="advancedreport.SampleReportTest" name="createTest" time="0.520"/>
</testsuite> <!-- advancedreport.SampleReportTest -->
