<?xml version="1.0" encoding="UTF-8"?>
<!-- Generated by org.testng.reporters.JUnitReportReporter -->
<testsuite hostname="likith" failures="0" tests="1" name="advancedreport.CreateOrganization" time="25.873" errors="0" timestamp="2024-06-22T10:56:56 IST" skipped="0">
  <testcase classname="advancedreport.CreateOrganization" name="createOrgtest" time="25.873"/>
</testsuite> <!-- advancedreport.CreateOrganization -->
