<?xml version="1.0" encoding="UTF-8"?>
<!-- Generated by org.testng.reporters.JUnitReportReporter -->
<testsuite hostname="likith" failures="0" tests="1" name="annotations.Sample" time="0.007" errors="0" timestamp="2024-06-13T11:55:15 IST" skipped="0">
  <testcase classname="annotations.Sample" name="f" time="0.007"/>
</testsuite> <!-- annotations.Sample -->
