<?xml version="1.0" encoding="UTF-8"?>
<!-- Generated by org.testng.reporters.JUnitXMLReporter -->
<testsuite ignored="0" hostname="likith" failures="0" tests="3" name="Test-1" time="126.588" errors="0" timestamp="2024-06-13T18:33:15 IST">
  <testcase classname="annotations.Createcontact" name="createContactWithsupportDateTest" time="21.63"/>
  <testcase classname="annotations.Createcontact" name="createcontacttest" time="38.329"/>
  <testcase classname="annotations.Createcontact" name="createcontactwithorgtest" time="35.964"/>
</testsuite> <!-- Test-1 -->
