<?xml version="1.0" encoding="UTF-8"?>
<!-- Generated by org.testng.reporters.JUnitXMLReporter -->
<testsuite ignored="0" hostname="likith" failures="0" tests="3" name="Test-2" time="88.161" errors="0" timestamp="2024-06-13T18:32:37 IST">
  <testcase classname="annotations.CreateOrganization" name="CreateOrgWithphoneno" time="19.379"/>
  <testcase classname="annotations.CreateOrganization" name="createOrgtest" time="18.937"/>
  <testcase classname="annotations.CreateOrganization" name="createcontactwithindustry" time="19.272"/>
</testsuite> <!-- Test-2 -->
